
Time taken to build model: 0.13 seconds
Time taken to test model on training data: 0.47 seconds

=== Error on training data ===

Correctly Classified Instances        6191               56.2869 %
Incorrectly Classified Instances      4808               43.7131 %
Kappa statistic                          0.1258
Mean absolute error                      0.4719
Root mean squared error                  0.5045
Relative absolute error                 94.3727 %
Root relative squared error            100.9012 %
Total Number of Instances            10999     


=== Error on test data ===

Correctly Classified Instances         185               51.676  %
Incorrectly Classified Instances       173               48.324  %
Kappa statistic                          0.026 
Mean absolute error                      0.4923
Root mean squared error                  0.5231
Relative absolute error                 98.4676 %
Root relative squared error            104.629  %
Total Number of Instances              358     

